<?xml version="1.0" encoding="UTF-8"?>
<!-- Generated by org.testng.reporters.JUnitReportReporter -->
<testsuite hostname="LAPTOP-06DC32II" failures="0" tests="1" name="testcases.LogintestCases" time="5.753" errors="0" timestamp="2023-03-01T15:42:41 PST" skipped="0">
  <testcase classname="testcases.LogintestCases" name="login" time="5.753"/>
  <system-out/>
</testsuite> <!-- testcases.LogintestCases -->
